  task3_main.cpp
C:\Users\Кристина\source\repos\лр 13 оа\task3\Pair.h(112,10): warning C4566: символ, представленный универсальным именем символа "\u00C2", невозможно представить в текущей кодовой странице (1251)
C:\Users\Кристина\source\repos\лр 13 оа\task3\Pair.h(112,10): warning C4566: символ, представленный универсальным именем символа "\u00E2", невозможно представить в текущей кодовой странице (1251)
C:\Users\Кристина\source\repos\лр 13 оа\task3\Pair.h(112,10): warning C4566: символ, представленный универсальным именем символа "\u00E5", невозможно представить в текущей кодовой странице (1251)
C:\Users\Кристина\source\repos\лр 13 оа\task3\Pair.h(112,10): warning C4566: символ, представленный универсальным именем символа "\u00E4", невозможно представить в текущей кодовой странице (1251)
C:\Users\Кристина\source\repos\лр 13 оа\task3\Pair.h(112,10): warning C4566: символ, представленный универсальным именем символа "\u00E8", невозможно представить в текущей кодовой странице (1251)
C:\Users\Кристина\source\repos\лр 13 оа\task3\Pair.h(112,10): warning C4566: символ, представленный универсальным именем символа "\u00F2", невозможно представить в текущей кодовой странице (1251)
C:\Users\Кристина\source\repos\лр 13 оа\task3\Pair.h(112,10): warning C4566: символ, представленный универсальным именем символа "\u00EF", невозможно представить в текущей кодовой странице (1251)
C:\Users\Кристина\source\repos\лр 13 оа\task3\Pair.h(112,10): warning C4566: символ, представленный универсальным именем символа "\u00F0", невозможно представить в текущей кодовой странице (1251)
C:\Users\Кристина\source\repos\лр 13 оа\task3\Pair.h(112,10): warning C4566: символ, представленный универсальным именем символа "\u00EE", невозможно представить в текущей кодовой странице (1251)
C:\Users\Кристина\source\repos\лр 13 оа\task3\Pair.h(112,10): warning C4566: символ, представленный универсальным именем символа "\u00F7", невозможно представить в текущей кодовой странице (1251)
C:\Users\Кристина\source\repos\лр 13 оа\task3\Pair.h(112,10): warning C4566: символ, представленный универсальным именем символа "\u00F1", невозможно представить в текущей кодовой странице (1251)
C:\Users\Кристина\source\repos\лр 13 оа\task3\Pair.h(112,10): warning C4566: символ, представленный универсальным именем символа "\u00EB", невозможно представить в текущей кодовой странице (1251)
C:\Users\Кристина\source\repos\лр 13 оа\task3\Pair.h(112,10): warning C4566: символ, представленный универсальным именем символа "\u00F6", невозможно представить в текущей кодовой странице (1251)
C:\Users\Кристина\source\repos\лр 13 оа\task3\Pair.h(114,10): warning C4566: символ, представленный универсальным именем символа "\u00C2", невозможно представить в текущей кодовой странице (1251)
C:\Users\Кристина\source\repos\лр 13 оа\task3\Pair.h(114,10): warning C4566: символ, представленный универсальным именем символа "\u00E2", невозможно представить в текущей кодовой странице (1251)
C:\Users\Кристина\source\repos\лр 13 оа\task3\Pair.h(114,10): warning C4566: символ, представленный универсальным именем символа "\u00E5", невозможно представить в текущей кодовой странице (1251)
C:\Users\Кристина\source\repos\лр 13 оа\task3\Pair.h(114,10): warning C4566: символ, представленный универсальным именем символа "\u00E4", невозможно представить в текущей кодовой странице (1251)
C:\Users\Кристина\source\repos\лр 13 оа\task3\Pair.h(114,10): warning C4566: символ, представленный универсальным именем символа "\u00E8", невозможно представить в текущей кодовой странице (1251)
C:\Users\Кристина\source\repos\лр 13 оа\task3\Pair.h(114,10): warning C4566: символ, представленный универсальным именем символа "\u00F2", невозможно представить в текущей кодовой странице (1251)
C:\Users\Кристина\source\repos\лр 13 оа\task3\Pair.h(114,10): warning C4566: символ, представленный универсальным именем символа "\u00EE", невозможно представить в текущей кодовой странице (1251)
C:\Users\Кристина\source\repos\лр 13 оа\task3\Pair.h(114,10): warning C4566: символ, представленный универсальным именем символа "\u00F0", невозможно представить в текущей кодовой странице (1251)
C:\Users\Кристина\source\repos\лр 13 оа\task3\Pair.h(114,10): warning C4566: символ, представленный универсальным именем символа "\u00F7", невозможно представить в текущей кодовой странице (1251)
C:\Users\Кристина\source\repos\лр 13 оа\task3\Pair.h(114,10): warning C4566: символ, представленный универсальным именем символа "\u00F1", невозможно представить в текущей кодовой странице (1251)
C:\Users\Кристина\source\repos\лр 13 оа\task3\Pair.h(114,10): warning C4566: символ, представленный универсальным именем символа "\u00EB", невозможно представить в текущей кодовой странице (1251)
C:\Users\Кристина\source\repos\лр 13 оа\task3\Pair.h(114,10): warning C4566: символ, представленный универсальным именем символа "\u00E1", невозможно представить в текущей кодовой странице (1251)
C:\Users\Кристина\source\repos\лр 13 оа\task3\Pair.h(114,10): warning C4566: символ, представленный универсальным именем символа "\u00ED", невозможно представить в текущей кодовой странице (1251)
C:\Users\Кристина\source\repos\лр 13 оа\task3\task3_main.cpp(37,33): warning C4267: аргумент: преобразование из "size_t" в "int"; возможна потеря данных
C:\Users\Кристина\source\repos\лр 13 оа\task3\task3_main.cpp(170,12): warning C4244: аргумент: преобразование "time_t" в "unsigned int", возможна потеря данных
  task3.vcxproj -> C:\Users\Кристина\source\repos\лр 13 оа\x64\Debug\task3.exe
