  task5_main.cpp
C:\Users\Кристина\source\repos\лр 11 оа\задача 5\Vector.h(63,14): warning C4267: =: преобразование из "size_t" в "int"; возможна потеря данных
C:\Users\Кристина\source\repos\лр 11 оа\задача 5\Vector.h(56,1): message : во время компиляции функции-члена класс шаблон "Vector<Money>::Vector(int)"
C:\Users\Кристина\source\repos\лр 11 оа\задача 5\task5_main.cpp(9,18): message : см. первую ссылку на "Vector<Money>::Vector" в "main"
C:\Users\Кристина\source\repos\лр 11 оа\задача 5\task5_main.cpp(9,15): message : выполняется компиляция ссылки на экземпляр класс шаблон функции "Vector<Money>"
C:\Users\Кристина\source\repos\лр 11 оа\задача 5\Vector.h(87,2): error C2679: бинарный "=": не найден оператор, принимающий правый операнд типа "std::stack<T,std::deque<T,std::allocator<T>>>" (или приемлемое преобразование отсутствует)
          with
          [
              T=Money
          ]
C:\Program Files\Microsoft Visual Studio\2022\Community\VC\Tools\MSVC\14.37.32822\include\queue(159,1): message : может быть "std::queue<T,std::deque<T,std::allocator<T>>> &std::queue<T,std::deque<T,std::allocator<T>>>::operator =(std::queue<T,std::deque<T,std::allocator<T>>> &&)"
          with
          [
              T=Money
          ]
C:\Program Files\Microsoft Visual Studio\2022\Community\VC\Tools\MSVC\14.37.32822\include\queue(159,1): message : или       "std::queue<T,std::deque<T,std::allocator<T>>> &std::queue<T,std::deque<T,std::allocator<T>>>::operator =(const std::queue<T,std::deque<T,std::allocator<T>>> &)"
          with
          [
              T=Money
          ]
C:\Users\Кристина\source\repos\лр 11 оа\задача 5\Vector.h(87,2): message : при попытке сопоставить список аргументов "(std::queue<T,std::deque<T,std::allocator<T>>>, std::stack<T,std::deque<T,std::allocator<T>>>)"
          with
          [
              T=Money
          ]
C:\Users\Кристина\source\repos\лр 11 оа\задача 5\Vector.h(78,1): message : во время компиляции функции-члена класс шаблон "void Vector<Money>::Print(void)"
C:\Users\Кристина\source\repos\лр 11 оа\задача 5\task5_main.cpp(10,11): message : см. первую ссылку на "Vector<Money>::Print" в "main"
C:\Users\Кристина\source\repos\лр 11 оа\задача 5\Vector.h(99,12): error C2039: "top": не является членом "std::queue<T,std::deque<T,std::allocator<T>>>".
          with
          [
              T=Money
          ]
C:\Users\Кристина\source\repos\лр 11 оа\задача 5\Vector.h(9,2): message : см. объявление "std::queue<T,std::deque<T,std::allocator<T>>>"
          with
          [
              T=Money
          ]
C:\Users\Кристина\source\repos\лр 11 оа\задача 5\Vector.h(95,1): message : во время компиляции функции-члена класс шаблон "T Vector<T>::avarage(void)"
          with
          [
              T=Money
          ]
C:\Users\Кристина\source\repos\лр 11 оа\задача 5\task5_main.cpp(11,10): message : см. первую ссылку на "Vector<Money>::avarage" в "main"
C:\Users\Кристина\source\repos\лр 11 оа\задача 5\Vector.h(103,17): error C2039: "top": не является членом "std::queue<T,std::deque<T,std::allocator<T>>>".
          with
          [
              T=Money
          ]
C:\Users\Кристина\source\repos\лр 11 оа\задача 5\Vector.h(9,2): message : см. объявление "std::queue<T,std::deque<T,std::allocator<T>>>"
          with
          [
              T=Money
          ]
C:\Users\Кристина\source\repos\лр 11 оа\задача 5\Vector.h(108,2): error C2679: бинарный "=": не найден оператор, принимающий правый операнд типа "std::stack<T,std::deque<T,std::allocator<T>>>" (или приемлемое преобразование отсутствует)
          with
          [
              T=Money
          ]
C:\Program Files\Microsoft Visual Studio\2022\Community\VC\Tools\MSVC\14.37.32822\include\queue(159,1): message : может быть "std::queue<T,std::deque<T,std::allocator<T>>> &std::queue<T,std::deque<T,std::allocator<T>>>::operator =(std::queue<T,std::deque<T,std::allocator<T>>> &&)"
          with
          [
              T=Money
          ]
C:\Program Files\Microsoft Visual Studio\2022\Community\VC\Tools\MSVC\14.37.32822\include\queue(159,1): message : или       "std::queue<T,std::deque<T,std::allocator<T>>> &std::queue<T,std::deque<T,std::allocator<T>>>::operator =(const std::queue<T,std::deque<T,std::allocator<T>>> &)"
          with
          [
              T=Money
          ]
C:\Users\Кристина\source\repos\лр 11 оа\задача 5\Vector.h(108,2): message : при попытке сопоставить список аргументов "(std::queue<T,std::deque<T,std::allocator<T>>>, std::stack<T,std::deque<T,std::allocator<T>>>)"
          with
          [
              T=Money
          ]
C:\Users\Кристина\source\repos\лр 11 оа\задача 5\Vector.h(115,10): error C2039: "min": не является членом "std::queue<T,std::deque<T,std::allocator<T>>>".
          with
          [
              T=Money
          ]
C:\Users\Кристина\source\repos\лр 11 оа\задача 5\Vector.h(9,2): message : см. объявление "std::queue<T,std::deque<T,std::allocator<T>>>"
          with
          [
              T=Money
          ]
C:\Users\Кристина\source\repos\лр 11 оа\задача 5\Vector.h(113,1): message : во время компиляции функции-члена класс шаблон "void Vector<Money>::add_vector(T,int)"
          with
          [
              T=Money
          ]
C:\Users\Кристина\source\repos\лр 11 оа\задача 5\task5_main.cpp(17,16): message : см. первую ссылку на "Vector<Money>::add_vector" в "main"
C:\Users\Кристина\source\repos\лр 11 оа\задача 5\Vector.h(119,9): error C2039: "top": не является членом "std::queue<T,std::deque<T,std::allocator<T>>>".
          with
          [
              T=Money
          ]
C:\Users\Кристина\source\repos\лр 11 оа\задача 5\Vector.h(9,2): message : см. объявление "std::queue<T,std::deque<T,std::allocator<T>>>"
          with
          [
              T=Money
          ]
C:\Users\Кристина\source\repos\лр 11 оа\задача 5\Vector.h(126,2): error C2679: бинарный "=": не найден оператор, принимающий правый операнд типа "std::stack<T,std::deque<T,std::allocator<T>>>" (или приемлемое преобразование отсутствует)
          with
          [
              T=Money
          ]
C:\Program Files\Microsoft Visual Studio\2022\Community\VC\Tools\MSVC\14.37.32822\include\queue(159,1): message : может быть "std::queue<T,std::deque<T,std::allocator<T>>> &std::queue<T,std::deque<T,std::allocator<T>>>::operator =(std::queue<T,std::deque<T,std::allocator<T>>> &&)"
          with
          [
              T=Money
          ]
C:\Program Files\Microsoft Visual Studio\2022\Community\VC\Tools\MSVC\14.37.32822\include\queue(159,1): message : или       "std::queue<T,std::deque<T,std::allocator<T>>> &std::queue<T,std::deque<T,std::allocator<T>>>::operator =(const std::queue<T,std::deque<T,std::allocator<T>>> &)"
          with
          [
              T=Money
          ]
C:\Users\Кристина\source\repos\лр 11 оа\задача 5\Vector.h(126,2): message : при попытке сопоставить список аргументов "(std::queue<T,std::deque<T,std::allocator<T>>>, std::stack<T,std::deque<T,std::allocator<T>>>)"
          with
          [
              T=Money
          ]
C:\Users\Кристина\source\repos\лр 11 оа\задача 5\Vector.h(151,9): error C2039: "top": не является членом "std::queue<T,std::deque<T,std::allocator<T>>>".
          with
          [
              T=Money
          ]
C:\Users\Кристина\source\repos\лр 11 оа\задача 5\Vector.h(9,2): message : см. объявление "std::queue<T,std::deque<T,std::allocator<T>>>"
          with
          [
              T=Money
          ]
C:\Users\Кристина\source\repos\лр 11 оа\задача 5\Vector.h(145,1): message : во время компиляции функции-члена класс шаблон "void Vector<Money>::del_vector(void)"
C:\Users\Кристина\source\repos\лр 11 оа\задача 5\task5_main.cpp(19,16): message : см. первую ссылку на "Vector<Money>::del_vector" в "main"
C:\Users\Кристина\source\repos\лр 11 оа\задача 5\Vector.h(153,9): error C2676: бинарный "!=": "T" не определяет этот оператор или преобразование к типу приемлемо к встроенному оператору
          with
          [
              T=Money
          ]
C:\Program Files\Microsoft Visual Studio\2022\Community\VC\Tools\MSVC\14.37.32822\include\queue(189,17): message : может быть "bool std::operator !=(const std::queue<_Ty,_Container> &,const std::queue<_Ty,_Container> &)"
C:\Users\Кристина\source\repos\лр 11 оа\задача 5\Vector.h(153,7): message : 'bool std::operator !=(const std::queue<_Ty,_Container> &,const std::queue<_Ty,_Container> &)': не удалось вывести аргумент шаблон для 'const std::queue<_Ty,_Container> &' из 'T'
          with
          [
              T=Money
          ]
C:\Program Files\Microsoft Visual Studio\2022\Community\VC\Tools\MSVC\14.37.32822\include\vector(2236,17): message : или       "bool std::operator !=(const std::vector<_Ty,_Alloc> &,const std::vector<_Ty,_Alloc> &)"
C:\Users\Кристина\source\repos\лр 11 оа\задача 5\Vector.h(153,7): message : 'bool std::operator !=(const std::vector<_Ty,_Alloc> &,const std::vector<_Ty,_Alloc> &)': не удалось вывести аргумент шаблон для 'const std::vector<_Ty,_Alloc> &' из 'T'
          with
          [
              T=Money
          ]
C:\Program Files\Microsoft Visual Studio\2022\Community\VC\Tools\MSVC\14.37.32822\include\stack(180,17): message : или       "bool std::operator !=(const std::stack<_Ty,_Container> &,const std::stack<_Ty,_Container> &)"
C:\Users\Кристина\source\repos\лр 11 оа\задача 5\Vector.h(153,7): message : 'bool std::operator !=(const std::stack<_Ty,_Container> &,const std::stack<_Ty,_Container> &)': не удалось вывести аргумент шаблон для 'const std::stack<_Ty,_Container> &' из 'T'
          with
          [
              T=Money
          ]
C:\Program Files\Microsoft Visual Studio\2022\Community\VC\Tools\MSVC\14.37.32822\include\deque(1712,17): message : или       "bool std::operator !=(const std::deque<_Ty,_Alloc> &,const std::deque<_Ty,_Alloc> &)"
C:\Users\Кристина\source\repos\лр 11 оа\задача 5\Vector.h(153,7): message : 'bool std::operator !=(const std::deque<_Ty,_Alloc> &,const std::deque<_Ty,_Alloc> &)': не удалось вывести аргумент шаблон для 'const std::deque<_Ty,_Alloc> &' из 'T'
          with
          [
              T=Money
          ]
C:\Program Files\Microsoft Visual Studio\2022\Community\VC\Tools\MSVC\14.37.32822\include\memory(3577,17): message : или       "bool std::operator !=(std::nullptr_t,const std::unique_ptr<_Ty,_Dx> &) noexcept"
C:\Users\Кристина\source\repos\лр 11 оа\задача 5\Vector.h(153,7): message : 'bool std::operator !=(std::nullptr_t,const std::unique_ptr<_Ty,_Dx> &) noexcept': не удалось вывести аргумент шаблон для 'const std::unique_ptr<_Ty,_Dx> &' из 'T'
          with
          [
              T=Money
          ]
C:\Program Files\Microsoft Visual Studio\2022\Community\VC\Tools\MSVC\14.37.32822\include\memory(3572,17): message : или       "bool std::operator !=(const std::unique_ptr<_Ty,_Dx> &,std::nullptr_t) noexcept"
C:\Users\Кристина\source\repos\лр 11 оа\задача 5\Vector.h(153,7): message : 'bool std::operator !=(const std::unique_ptr<_Ty,_Dx> &,std::nullptr_t) noexcept': не удалось вывести аргумент шаблон для 'const std::unique_ptr<_Ty,_Dx> &' из 'T'
          with
          [
              T=Money
          ]
C:\Program Files\Microsoft Visual Studio\2022\Community\VC\Tools\MSVC\14.37.32822\include\memory(3519,17): message : или       "bool std::operator !=(const std::unique_ptr<_Ty,_Dx> &,const std::unique_ptr<_Ty2,_Dx2> &)"
C:\Users\Кристина\source\repos\лр 11 оа\задача 5\Vector.h(153,7): message : 'bool std::operator !=(const std::unique_ptr<_Ty,_Dx> &,const std::unique_ptr<_Ty2,_Dx2> &)': не удалось вывести аргумент шаблон для 'const std::unique_ptr<_Ty,_Dx> &' из 'T'
          with
          [
              T=Money
          ]
C:\Program Files\Microsoft Visual Studio\2022\Community\VC\Tools\MSVC\14.37.32822\include\memory(1942,17): message : или       "bool std::operator !=(std::nullptr_t,const std::shared_ptr<_Ty> &) noexcept"
C:\Users\Кристина\source\repos\лр 11 оа\задача 5\Vector.h(153,7): message : 'bool std::operator !=(std::nullptr_t,const std::shared_ptr<_Ty> &) noexcept': не удалось вывести аргумент шаблон для 'const std::shared_ptr<_Ty> &' из 'T'
          with
          [
              T=Money
          ]
C:\Program Files\Microsoft Visual Studio\2022\Community\VC\Tools\MSVC\14.37.32822\include\memory(1937,17): message : или       "bool std::operator !=(const std::shared_ptr<_Ty> &,std::nullptr_t) noexcept"
C:\Users\Кристина\source\repos\лр 11 оа\задача 5\Vector.h(153,7): message : 'bool std::operator !=(const std::shared_ptr<_Ty> &,std::nullptr_t) noexcept': не удалось вывести аргумент шаблон для 'const std::shared_ptr<_Ty> &' из 'T'
          with
          [
              T=Money
          ]
C:\Program Files\Microsoft Visual Studio\2022\Community\VC\Tools\MSVC\14.37.32822\include\memory(1895,17): message : или       "bool std::operator !=(const std::shared_ptr<_Ty> &,const std::shared_ptr<_Ty0> &) noexcept"
C:\Users\Кристина\source\repos\лр 11 оа\задача 5\Vector.h(153,7): message : 'bool std::operator !=(const std::shared_ptr<_Ty> &,const std::shared_ptr<_Ty0> &) noexcept': не удалось вывести аргумент шаблон для 'const std::shared_ptr<_Ty> &' из 'T'
          with
          [
              T=Money
          ]
C:\Program Files\Microsoft Visual Studio\2022\Community\VC\Tools\MSVC\14.37.32822\include\xstring(5050,17): message : или       "bool std::operator !=(const std::basic_string<_Elem,_Traits,_Alloc> &,const _Elem *const )"
C:\Users\Кристина\source\repos\лр 11 оа\задача 5\Vector.h(153,7): message : 'bool std::operator !=(const std::basic_string<_Elem,_Traits,_Alloc> &,const _Elem *const )': не удалось вывести аргумент шаблон для 'const std::basic_string<_Elem,_Traits,_Alloc> &' из 'T'
          with
          [
              T=Money
          ]
C:\Program Files\Microsoft Visual Studio\2022\Community\VC\Tools\MSVC\14.37.32822\include\xstring(5045,17): message : или       "bool std::operator !=(const _Elem *const ,const std::basic_string<_Elem,_Traits,_Alloc> &)"
C:\Users\Кристина\source\repos\лр 11 оа\задача 5\Vector.h(153,7): message : 'bool std::operator !=(const _Elem *const ,const std::basic_string<_Elem,_Traits,_Alloc> &)': не удалось вывести аргумент шаблон для 'const _Elem *const ' из 'T'
          with
          [
              T=Money
          ]
C:\Program Files\Microsoft Visual Studio\2022\Community\VC\Tools\MSVC\14.37.32822\include\xstring(5039,17): message : или       "bool std::operator !=(const std::basic_string<_Elem,_Traits,_Alloc> &,const std::basic_string<_Elem,_Traits,_Alloc> &) noexcept"
C:\Users\Кристина\source\repos\лр 11 оа\задача 5\Vector.h(153,7): message : 'bool std::operator !=(const std::basic_string<_Elem,_Traits,_Alloc> &,const std::basic_string<_Elem,_Traits,_Alloc> &) noexcept': не удалось вывести аргумент шаблон для 'const std::basic_string<_Elem,_Traits,_Alloc> &' из 'T'
          with
          [
              T=Money
          ]
C:\Program Files\Microsoft Visual Studio\2022\Community\VC\Tools\MSVC\14.37.32822\include\xmemory(1040,17): message : или       "bool std::operator !=(const std::allocator<_Ty> &,const std::allocator<_Other> &) noexcept"
C:\Users\Кристина\source\repos\лр 11 оа\задача 5\Vector.h(153,7): message : 'bool std::operator !=(const std::allocator<_Ty> &,const std::allocator<_Other> &) noexcept': не удалось вывести аргумент шаблон для 'const std::allocator<_Ty> &' из 'T'
          with
          [
              T=Money
          ]
C:\Program Files\Microsoft Visual Studio\2022\Community\VC\Tools\MSVC\14.37.32822\include\iterator(496,17): message : или       "bool std::operator !=(const std::istreambuf_iterator<_Elem,_Traits> &,const std::istreambuf_iterator<_Elem,_Traits> &)"
C:\Users\Кристина\source\repos\лр 11 оа\задача 5\Vector.h(153,7): message : 'bool std::operator !=(const std::istreambuf_iterator<_Elem,_Traits> &,const std::istreambuf_iterator<_Elem,_Traits> &)': не удалось вывести аргумент шаблон для 'const std::istreambuf_iterator<_Elem,_Traits> &' из 'T'
          with
          [
              T=Money
          ]
C:\Program Files\Microsoft Visual Studio\2022\Community\VC\Tools\MSVC\14.37.32822\include\iterator(314,17): message : или       "bool std::operator !=(const std::istream_iterator<_Ty,_Elem,_Traits,_Diff> &,const std::istream_iterator<_Ty,_Elem,_Traits,_Diff> &) noexcept"
C:\Users\Кристина\source\repos\лр 11 оа\задача 5\Vector.h(153,7): message : 'bool std::operator !=(const std::istream_iterator<_Ty,_Elem,_Traits,_Diff> &,const std::istream_iterator<_Ty,_Elem,_Traits,_Diff> &) noexcept': не удалось вывести аргумент шаблон для 'const std::istream_iterator<_Ty,_Elem,_Traits,_Diff> &' из 'T'
          with
          [
              T=Money
          ]
C:\Program Files\Microsoft Visual Studio\2022\Community\VC\Tools\MSVC\14.37.32822\include\xutility(4279,30): message : или       "bool std::operator !=(const std::move_iterator<_Iter> &,const std::move_iterator<_Iter2> &) noexcept(<expr>)"
C:\Users\Кристина\source\repos\лр 11 оа\задача 5\Vector.h(153,7): message : 'bool std::operator !=(const std::move_iterator<_Iter> &,const std::move_iterator<_Iter2> &) noexcept(<expr>)': не удалось вывести аргумент шаблон для 'const std::move_iterator<_Iter> &' из 'T'
          with
          [
              T=Money
          ]
C:\Program Files\Microsoft Visual Studio\2022\Community\VC\Tools\MSVC\14.37.32822\include\xutility(1671,5): message : или       "bool std::operator !=(const std::reverse_iterator<_BidIt> &,const std::reverse_iterator<_BidIt2> &) noexcept(<expr>)"
C:\Users\Кристина\source\repos\лр 11 оа\задача 5\Vector.h(153,7): message : 'bool std::operator !=(const std::reverse_iterator<_BidIt> &,const std::reverse_iterator<_BidIt2> &) noexcept(<expr>)': не удалось вывести аргумент шаблон для 'const std::reverse_iterator<_BidIt> &' из 'T'
          with
          [
              T=Money
          ]
C:\Program Files\Microsoft Visual Studio\2022\Community\VC\Tools\MSVC\14.37.32822\include\utility(499,27): message : или       "bool std::operator !=(const std::pair<_Ty1,_Ty2> &,const std::pair<_Uty1,_Uty2> &)"
C:\Users\Кристина\source\repos\лр 11 оа\задача 5\Vector.h(153,7): message : 'bool std::operator !=(const std::pair<_Ty1,_Ty2> &,const std::pair<_Uty1,_Uty2> &)': не удалось вывести аргумент шаблон для 'const std::pair<_Ty1,_Ty2> &' из 'T'
          with
          [
              T=Money
          ]
C:\Users\Кристина\source\repos\лр 11 оа\задача 5\Vector.h(157,2): error C2679: бинарный "=": не найден оператор, принимающий правый операнд типа "std::stack<T,std::deque<T,std::allocator<T>>>" (или приемлемое преобразование отсутствует)
          with
          [
              T=Money
          ]
C:\Program Files\Microsoft Visual Studio\2022\Community\VC\Tools\MSVC\14.37.32822\include\queue(159,1): message : может быть "std::queue<T,std::deque<T,std::allocator<T>>> &std::queue<T,std::deque<T,std::allocator<T>>>::operator =(std::queue<T,std::deque<T,std::allocator<T>>> &&)"
          with
          [
              T=Money
          ]
C:\Program Files\Microsoft Visual Studio\2022\Community\VC\Tools\MSVC\14.37.32822\include\queue(159,1): message : или       "std::queue<T,std::deque<T,std::allocator<T>>> &std::queue<T,std::deque<T,std::allocator<T>>>::operator =(const std::queue<T,std::deque<T,std::allocator<T>>> &)"
          with
          [
              T=Money
          ]
C:\Users\Кристина\source\repos\лр 11 оа\задача 5\Vector.h(157,2): message : при попытке сопоставить список аргументов "(std::queue<T,std::deque<T,std::allocator<T>>>, std::stack<T,std::deque<T,std::allocator<T>>>)"
          with
          [
              T=Money
          ]
C:\Users\Кристина\source\repos\лр 11 оа\задача 5\Vector.h(175,10): error C2039: "max": не является членом "std::queue<T,std::deque<T,std::allocator<T>>>".
          with
          [
              T=Money
          ]
C:\Users\Кристина\source\repos\лр 11 оа\задача 5\Vector.h(9,2): message : см. объявление "std::queue<T,std::deque<T,std::allocator<T>>>"
          with
          [
              T=Money
          ]
C:\Users\Кристина\source\repos\лр 11 оа\задача 5\Vector.h(174,1): message : во время компиляции функции-члена класс шаблон "void Vector<Money>::multiplication(void)"
C:\Users\Кристина\source\repos\лр 11 оа\задача 5\task5_main.cpp(21,20): message : см. первую ссылку на "Vector<Money>::multiplication" в "main"
C:\Users\Кристина\source\repos\лр 11 оа\задача 5\Vector.h(184,2): error C2679: бинарный "=": не найден оператор, принимающий правый операнд типа "std::stack<T,std::deque<T,std::allocator<T>>>" (или приемлемое преобразование отсутствует)
          with
          [
              T=Money
          ]
C:\Program Files\Microsoft Visual Studio\2022\Community\VC\Tools\MSVC\14.37.32822\include\queue(159,1): message : может быть "std::queue<T,std::deque<T,std::allocator<T>>> &std::queue<T,std::deque<T,std::allocator<T>>>::operator =(std::queue<T,std::deque<T,std::allocator<T>>> &&)"
          with
          [
              T=Money
          ]
C:\Program Files\Microsoft Visual Studio\2022\Community\VC\Tools\MSVC\14.37.32822\include\queue(159,1): message : или       "std::queue<T,std::deque<T,std::allocator<T>>> &std::queue<T,std::deque<T,std::allocator<T>>>::operator =(const std::queue<T,std::deque<T,std::allocator<T>>> &)"
          with
          [
              T=Money
          ]
C:\Users\Кристина\source\repos\лр 11 оа\задача 5\Vector.h(184,2): message : при попытке сопоставить список аргументов "(std::queue<T,std::deque<T,std::allocator<T>>>, std::stack<T,std::deque<T,std::allocator<T>>>)"
          with
          [
              T=Money
          ]
